0 info it worked if it ends with ok
1 verbose cli [ '/usr/local/bin/node', '/usr/local/bin/npm', 'run', 'lint' ]
2 info using npm@3.6.0
3 info using node@v5.4.1
4 verbose run-script [ 'prelint', 'lint', 'postlint' ]
5 info lifecycle pinboard@0.0.1~prelint: pinboard@0.0.1
6 silly lifecycle pinboard@0.0.1~prelint: no script for prelint, continuing
7 info lifecycle pinboard@0.0.1~lint: pinboard@0.0.1
8 verbose lifecycle pinboard@0.0.1~lint: unsafe-perm in lifecycle true
9 verbose lifecycle pinboard@0.0.1~lint: PATH: /usr/local/lib/node_modules/npm/bin/node-gyp-bin:/Users/cintiahigashi/Documents/Projects/JavaScript/ReduxPinBoard/node_modules/.bin:/Users/cintiahigashi/.rvm/gems/ruby-2.1.2/bin:/Users/cintiahigashi/.rvm/gems/ruby-2.1.2@global/bin:/Users/cintiahigashi/.rvm/rubies/ruby-2.1.2/bin:/usr/local/sbin:/usr/local/bin:/usr/local/go/bin:/usr/local/share/npm/bin:/Users/cintiahigashi/.rvm/bin:/usr/local/bin:/usr/bin:/bin:/usr/sbin:/sbin:/usr/local/go/bin
10 verbose lifecycle pinboard@0.0.1~lint: CWD: /Users/cintiahigashi/Documents/Projects/JavaScript/ReduxPinBoard
11 silly lifecycle pinboard@0.0.1~lint: Args: [ '-c', 'eslint . --ext .js --ext .jsx' ]
12 silly lifecycle pinboard@0.0.1~lint: Returned: code: 1  signal: null
13 info lifecycle pinboard@0.0.1~lint: Failed to exec lint script
14 verbose stack Error: pinboard@0.0.1 lint: `eslint . --ext .js --ext .jsx`
14 verbose stack Exit status 1
14 verbose stack     at EventEmitter.<anonymous> (/usr/local/lib/node_modules/npm/lib/utils/lifecycle.js:232:16)
14 verbose stack     at emitTwo (events.js:87:13)
14 verbose stack     at EventEmitter.emit (events.js:172:7)
14 verbose stack     at ChildProcess.<anonymous> (/usr/local/lib/node_modules/npm/lib/utils/spawn.js:24:14)
14 verbose stack     at emitTwo (events.js:87:13)
14 verbose stack     at ChildProcess.emit (events.js:172:7)
14 verbose stack     at maybeClose (internal/child_process.js:821:16)
14 verbose stack     at Process.ChildProcess._handle.onexit (internal/child_process.js:211:5)
15 verbose pkgid pinboard@0.0.1
16 verbose cwd /Users/cintiahigashi/Documents/Projects/JavaScript/ReduxPinBoard
17 error Darwin 15.4.0
18 error argv "/usr/local/bin/node" "/usr/local/bin/npm" "run" "lint"
19 error node v5.4.1
20 error npm  v3.6.0
21 error code ELIFECYCLE
22 error pinboard@0.0.1 lint: `eslint . --ext .js --ext .jsx`
22 error Exit status 1
23 error Failed at the pinboard@0.0.1 lint script 'eslint . --ext .js --ext .jsx'.
23 error Make sure you have the latest version of node.js and npm installed.
23 error If you do, this is most likely a problem with the pinboard package,
23 error not with npm itself.
23 error Tell the author that this fails on your system:
23 error     eslint . --ext .js --ext .jsx
23 error You can get information on how to open an issue for this project with:
23 error     npm bugs pinboard
23 error Or if that isn't available, you can get their info via:
23 error     npm owner ls pinboard
23 error There is likely additional logging output above.
24 verbose exit [ 1, true ]
